000 (007.000.000) 02/11 21:16:41 Job submitted from host: <128.83.130.38:57618>
...
001 (007.000.000) 02/11 21:16:51 Job executing on host: <128.83.144.143:40479>
...
006 (007.000.000) 02/11 21:17:00 Image size of job updated: 1059216
...
006 (007.000.000) 02/11 21:22:01 Image size of job updated: 1130244
...
006 (007.000.000) 02/11 21:27:01 Image size of job updated: 1200448
...
006 (007.000.000) 02/11 21:47:02 Image size of job updated: 1266760
...
006 (007.000.000) 02/11 21:52:03 Image size of job updated: 1339484
...
006 (007.000.000) 02/11 21:57:04 Image size of job updated: 1342772
...
006 (007.000.000) 02/11 22:07:04 Image size of job updated: 1352696
...
006 (007.000.000) 02/11 22:12:05 Image size of job updated: 1362180
...
006 (007.000.000) 02/11 22:17:05 Image size of job updated: 1444904
...
006 (007.000.000) 02/11 22:22:05 Image size of job updated: 1520204
...
006 (007.000.000) 02/11 22:27:06 Image size of job updated: 1594964
...
006 (007.000.000) 02/11 22:32:07 Image size of job updated: 1661176
...
006 (007.000.000) 02/11 22:37:07 Image size of job updated: 1662116
...
006 (007.000.000) 02/11 22:42:07 Image size of job updated: 1665992
...
006 (007.000.000) 02/11 22:47:08 Image size of job updated: 1666400
...
006 (007.000.000) 02/11 22:52:09 Image size of job updated: 1731936
...
006 (007.000.000) 02/11 22:57:09 Image size of job updated: 1798716
...
006 (007.000.000) 02/11 23:07:10 Image size of job updated: 1800448
...
006 (007.000.000) 02/11 23:12:11 Image size of job updated: 1818748
...
006 (007.000.000) 02/11 23:17:11 Image size of job updated: 1888228
...
006 (007.000.000) 02/12 01:47:26 Image size of job updated: 1895596
...
006 (007.000.000) 02/12 02:02:28 Image size of job updated: 1923172
...
006 (007.000.000) 02/12 02:07:28 Image size of job updated: 1927428
...
006 (007.000.000) 02/12 02:12:29 Image size of job updated: 1938180
...
006 (007.000.000) 02/12 02:17:30 Image size of job updated: 1950304
...
006 (007.000.000) 02/12 02:27:30 Image size of job updated: 1954416
...
006 (007.000.000) 02/12 02:32:31 Image size of job updated: 1967936
...
006 (007.000.000) 02/12 02:42:32 Image size of job updated: 1978440
...
006 (007.000.000) 02/12 02:47:33 Image size of job updated: 1996924
...
006 (007.000.000) 02/12 02:52:34 Image size of job updated: 2015132
...
006 (007.000.000) 02/12 02:57:34 Image size of job updated: 2018424
...
006 (007.000.000) 02/12 05:57:54 Image size of job updated: 2062456
...
006 (007.000.000) 02/12 06:07:55 Image size of job updated: 2127992
...
010 (007.000.000) 02/12 09:16:32 Job was suspended.
	Number of processes actually suspended: 2
...
011 (007.000.000) 02/12 09:18:51 Job was unsuspended.
...
005 (007.000.000) 02/12 14:50:15 Job terminated.
	(1) Normal termination (return value 0)
		Usr 0 15:56:08, Sys 0 00:15:06  -  Run Remote Usage
		Usr 0 00:00:00, Sys 0 00:00:00  -  Run Local Usage
		Usr 0 15:56:08, Sys 0 00:15:06  -  Total Remote Usage
		Usr 0 00:00:00, Sys 0 00:00:00  -  Total Local Usage
	0  -  Run Bytes Sent By Job
	0  -  Run Bytes Received By Job
	0  -  Total Bytes Sent By Job
	0  -  Total Bytes Received By Job
...
