000 (001.000.000) 02/24 21:20:38 Job submitted from host: <128.83.144.247:33037>
...
001 (001.000.000) 02/24 21:20:59 Job executing on host: <128.83.120.221:36603>
...
006 (001.000.000) 02/24 21:21:08 Image size of job updated: 980508
	116  -  MemoryUsage of job (MB)
	118112  -  ResidentSetSize of job (KB)
...
006 (001.000.000) 02/24 21:26:09 Image size of job updated: 1404512
	452  -  MemoryUsage of job (MB)
	462284  -  ResidentSetSize of job (KB)
...
006 (001.000.000) 02/24 21:31:10 Image size of job updated: 1431204
	506  -  MemoryUsage of job (MB)
	517668  -  ResidentSetSize of job (KB)
...
006 (001.000.000) 02/24 21:36:10 Image size of job updated: 1632976
	626  -  MemoryUsage of job (MB)
	640324  -  ResidentSetSize of job (KB)
...
006 (001.000.000) 02/24 21:46:12 Image size of job updated: 1632976
	655  -  MemoryUsage of job (MB)
	670464  -  ResidentSetSize of job (KB)
...
006 (001.000.000) 02/24 21:51:12 Image size of job updated: 1698512
	668  -  MemoryUsage of job (MB)
	683180  -  ResidentSetSize of job (KB)
...
006 (001.000.000) 02/24 21:56:12 Image size of job updated: 1764048
	751  -  MemoryUsage of job (MB)
	768336  -  ResidentSetSize of job (KB)
...
006 (001.000.000) 02/24 22:01:13 Image size of job updated: 1895120
	813  -  MemoryUsage of job (MB)
	831832  -  ResidentSetSize of job (KB)
...
006 (001.000.000) 02/24 22:06:14 Image size of job updated: 1990428
	925  -  MemoryUsage of job (MB)
	946928  -  ResidentSetSize of job (KB)
...
006 (001.000.000) 02/25 00:56:31 Image size of job updated: 2077884
	999  -  MemoryUsage of job (MB)
	1022240  -  ResidentSetSize of job (KB)
...
006 (001.000.000) 02/25 02:06:39 Image size of job updated: 2125532
	999  -  MemoryUsage of job (MB)
	1022240  -  ResidentSetSize of job (KB)
...
005 (001.000.000) 02/25 03:11:40 Job terminated.
	(1) Normal termination (return value 0)
		Usr 0 05:41:15, Sys 0 00:04:04  -  Run Remote Usage
		Usr 0 00:00:00, Sys 0 00:00:00  -  Run Local Usage
		Usr 0 05:41:15, Sys 0 00:04:04  -  Total Remote Usage
		Usr 0 00:00:00, Sys 0 00:00:00  -  Total Local Usage
	0  -  Run Bytes Sent By Job
	0  -  Run Bytes Received By Job
	0  -  Total Bytes Sent By Job
	0  -  Total Bytes Received By Job
	Partitionable Resources :    Usage  Request          
	   Cpus                 :                 1          
	   Disk (KB)            :      125      125          
	   Memory (MB)          :      999      999          
...
