000 (010.000.000) 02/11 21:31:49 Job submitted from host: <128.83.130.38:57618>
...
000 (010.001.000) 02/11 21:31:49 Job submitted from host: <128.83.130.38:57618>
...
000 (010.002.000) 02/11 21:31:49 Job submitted from host: <128.83.130.38:57618>
...
000 (010.003.000) 02/11 21:31:49 Job submitted from host: <128.83.130.38:57618>
...
000 (010.004.000) 02/11 21:31:49 Job submitted from host: <128.83.130.38:57618>
...
000 (010.005.000) 02/11 21:31:49 Job submitted from host: <128.83.130.38:57618>
...
000 (010.006.000) 02/11 21:31:49 Job submitted from host: <128.83.130.38:57618>
...
000 (010.007.000) 02/11 21:31:49 Job submitted from host: <128.83.130.38:57618>
...
000 (010.008.000) 02/11 21:31:49 Job submitted from host: <128.83.130.38:57618>
...
000 (010.009.000) 02/11 21:31:49 Job submitted from host: <128.83.130.38:57618>
...
000 (010.010.000) 02/11 21:31:49 Job submitted from host: <128.83.130.38:57618>
...
000 (010.011.000) 02/11 21:31:49 Job submitted from host: <128.83.130.38:57618>
...
000 (010.012.000) 02/11 21:31:49 Job submitted from host: <128.83.130.38:57618>
...
000 (010.013.000) 02/11 21:31:49 Job submitted from host: <128.83.130.38:57618>
...
000 (010.014.000) 02/11 21:31:49 Job submitted from host: <128.83.130.38:57618>
...
000 (010.015.000) 02/11 21:31:49 Job submitted from host: <128.83.130.38:57618>
...
000 (010.016.000) 02/11 21:31:49 Job submitted from host: <128.83.130.38:57618>
...
000 (010.017.000) 02/11 21:31:49 Job submitted from host: <128.83.130.38:57618>
...
000 (010.018.000) 02/11 21:31:49 Job submitted from host: <128.83.130.38:57618>
...
000 (010.019.000) 02/11 21:31:49 Job submitted from host: <128.83.130.38:57618>
...
001 (010.000.000) 02/11 21:31:53 Job executing on host: <128.83.139.228:38477>
...
001 (010.002.000) 02/11 21:31:53 Job executing on host: <128.83.139.190:54614>
...
001 (010.001.000) 02/11 21:31:53 Job executing on host: <128.83.130.58:35705>
...
001 (010.006.000) 02/11 21:31:53 Job executing on host: <128.83.144.13:57014>
...
001 (010.007.000) 02/11 21:31:54 Job executing on host: <128.83.144.15:37480>
...
001 (010.016.000) 02/11 21:31:54 Job executing on host: <128.83.144.15:37480>
...
001 (010.008.000) 02/11 21:31:54 Job executing on host: <128.83.144.29:54348>
...
001 (010.004.000) 02/11 21:31:54 Job executing on host: <128.83.144.15:37480>
...
001 (010.010.000) 02/11 21:31:54 Job executing on host: <128.83.144.29:54348>
...
001 (010.003.000) 02/11 21:31:54 Job executing on host: <128.83.144.13:57014>
...
001 (010.018.000) 02/11 21:31:54 Job executing on host: <128.83.144.13:57014>
...
001 (010.014.000) 02/11 21:31:55 Job executing on host: <128.83.144.15:37480>
...
001 (010.019.000) 02/11 21:31:55 Job executing on host: <128.83.144.15:37480>
...
001 (010.009.000) 02/11 21:31:55 Job executing on host: <128.83.144.29:54348>
...
001 (010.005.000) 02/11 21:31:56 Job executing on host: <128.83.144.15:37480>
...
001 (010.013.000) 02/11 21:31:56 Job executing on host: <128.83.144.15:37480>
...
001 (010.011.000) 02/11 21:31:57 Job executing on host: <128.83.144.15:37480>
...
001 (010.017.000) 02/11 21:31:57 Job executing on host: <128.83.144.15:37480>
...
001 (010.012.000) 02/11 21:31:58 Job executing on host: <128.83.144.15:37480>
...
001 (010.015.000) 02/11 21:31:58 Job executing on host: <128.83.144.15:37480>
...
006 (010.000.000) 02/11 21:32:01 Image size of job updated: 374868
...
006 (010.002.000) 02/11 21:32:01 Image size of job updated: 936508
...
006 (010.001.000) 02/11 21:32:01 Image size of job updated: 266664
...
006 (010.006.000) 02/11 21:32:01 Image size of job updated: 256176
...
006 (010.008.000) 02/11 21:32:02 Image size of job updated: 107516
...
006 (010.016.000) 02/11 21:32:02 Image size of job updated: 952720
...
006 (010.007.000) 02/11 21:32:02 Image size of job updated: 954560
...
006 (010.003.000) 02/11 21:32:02 Image size of job updated: 256176
...
006 (010.014.000) 02/11 21:32:03 Image size of job updated: 948164
...
006 (010.004.000) 02/11 21:32:03 Image size of job updated: 1019644
...
006 (010.010.000) 02/11 21:32:03 Image size of job updated: 23684
...
006 (010.018.000) 02/11 21:32:04 Image size of job updated: 256176
...
006 (010.005.000) 02/11 21:32:04 Image size of job updated: 953168
...
006 (010.019.000) 02/11 21:32:04 Image size of job updated: 948176
...
006 (010.013.000) 02/11 21:32:05 Image size of job updated: 889752
...
006 (010.017.000) 02/11 21:32:06 Image size of job updated: 266660
...
006 (010.011.000) 02/11 21:32:06 Image size of job updated: 267452
...
006 (010.012.000) 02/11 21:32:07 Image size of job updated: 99152
...
006 (010.000.000) 02/11 21:37:01 Image size of job updated: 1113396
...
006 (010.002.000) 02/11 21:37:01 Image size of job updated: 1127476
...
006 (010.001.000) 02/11 21:37:01 Image size of job updated: 1085180
...
006 (010.006.000) 02/11 21:37:02 Image size of job updated: 1339520
...
006 (010.008.000) 02/11 21:37:02 Image size of job updated: 1157028
...
006 (010.016.000) 02/11 21:37:02 Image size of job updated: 1339240
...
006 (010.007.000) 02/11 21:37:02 Image size of job updated: 1405344
...
006 (010.003.000) 02/11 21:37:03 Image size of job updated: 1399576
...
006 (010.014.000) 02/11 21:37:03 Image size of job updated: 1321376
...
006 (010.005.000) 02/11 21:37:04 Image size of job updated: 1386368
...
006 (010.004.000) 02/11 21:37:04 Image size of job updated: 1314552
...
006 (010.010.000) 02/11 21:37:04 Image size of job updated: 1185056
...
006 (010.009.000) 02/11 21:37:05 Image size of job updated: 1166420
...
006 (010.018.000) 02/11 21:37:05 Image size of job updated: 1374524
...
006 (010.019.000) 02/11 21:37:05 Image size of job updated: 1335968
...
006 (010.017.000) 02/11 21:37:06 Image size of job updated: 1330824
...
006 (010.013.000) 02/11 21:37:06 Image size of job updated: 1336320
...
006 (010.011.000) 02/11 21:37:07 Image size of job updated: 1312624
...
006 (010.015.000) 02/11 21:37:08 Image size of job updated: 1337404
...
006 (010.012.000) 02/11 21:37:08 Image size of job updated: 1379844
...
006 (010.002.000) 02/11 21:42:01 Image size of job updated: 1140728
...
006 (010.001.000) 02/11 21:42:02 Image size of job updated: 1094636
...
006 (010.008.000) 02/11 21:42:02 Image size of job updated: 1222564
...
006 (010.006.000) 02/11 21:42:03 Image size of job updated: 1405720
...
006 (010.007.000) 02/11 21:42:03 Image size of job updated: 1407744
...
006 (010.014.000) 02/11 21:42:03 Image size of job updated: 1335004
...
006 (010.003.000) 02/11 21:42:04 Image size of job updated: 1402868
...
006 (010.005.000) 02/11 21:42:04 Image size of job updated: 1389660
...
006 (010.004.000) 02/11 21:42:05 Image size of job updated: 1380192
...
006 (010.010.000) 02/11 21:42:05 Image size of job updated: 1185200
...
006 (010.009.000) 02/11 21:42:05 Image size of job updated: 1167304
...
006 (010.019.000) 02/11 21:42:06 Image size of job updated: 1345228
...
006 (010.017.000) 02/11 21:42:06 Image size of job updated: 1339288
...
006 (010.011.000) 02/11 21:42:07 Image size of job updated: 1315916
...
006 (010.015.000) 02/11 21:42:09 Image size of job updated: 1344848
...
006 (010.012.000) 02/11 21:42:09 Image size of job updated: 1383136
...
006 (010.002.000) 02/11 21:47:02 Image size of job updated: 1144460
...
006 (010.000.000) 02/11 21:47:03 Image size of job updated: 1116688
...
006 (010.016.000) 02/11 21:47:04 Image size of job updated: 1468292
...
006 (010.019.000) 02/11 21:47:06 Image size of job updated: 1410764
...
006 (010.013.000) 02/11 21:47:07 Image size of job updated: 1401856
...
006 (010.011.000) 02/11 21:47:08 Image size of job updated: 1378708
...
006 (010.015.000) 02/11 21:47:09 Image size of job updated: 1402024
...
006 (010.001.000) 02/11 21:52:03 Image size of job updated: 1095692
...
006 (010.007.000) 02/11 21:52:04 Image size of job updated: 1415060
...
006 (010.004.000) 02/11 21:52:05 Image size of job updated: 1445728
...
006 (010.010.000) 02/11 21:52:05 Image size of job updated: 1193812
...
006 (010.017.000) 02/11 21:52:08 Image size of job updated: 1342576
...
006 (010.001.000) 02/11 21:57:03 Image size of job updated: 1099336
...
006 (010.006.000) 02/11 21:57:04 Image size of job updated: 1471256
...
006 (010.004.000) 02/11 21:57:06 Image size of job updated: 1452756
...
006 (010.009.000) 02/11 21:57:07 Image size of job updated: 1174612
...
006 (010.017.000) 02/11 21:57:08 Image size of job updated: 1343856
...
006 (010.011.000) 02/11 21:57:09 Image size of job updated: 1385640
...
006 (010.015.000) 02/11 21:57:10 Image size of job updated: 1410636
...
006 (010.016.000) 02/11 22:02:05 Image size of job updated: 1468852
...
006 (010.007.000) 02/11 22:02:05 Image size of job updated: 1479688
...
006 (010.004.000) 02/11 22:02:07 Image size of job updated: 1457696
...
006 (010.009.000) 02/11 22:02:07 Image size of job updated: 1232840
...
006 (010.018.000) 02/11 22:02:07 Image size of job updated: 1381392
...
006 (010.013.000) 02/11 22:02:09 Image size of job updated: 1474644
...
006 (010.011.000) 02/11 22:02:09 Image size of job updated: 1386396
...
006 (010.006.000) 02/11 22:07:04 Image size of job updated: 1472500
...
006 (010.000.000) 02/11 22:07:05 Image size of job updated: 1120440
...
006 (010.016.000) 02/11 22:07:06 Image size of job updated: 1469032
...
006 (010.018.000) 02/11 22:07:07 Image size of job updated: 1381800
...
006 (010.011.000) 02/11 22:07:10 Image size of job updated: 1451932
...
006 (010.006.000) 02/11 22:12:05 Image size of job updated: 1480612
...
006 (010.016.000) 02/11 22:12:06 Image size of job updated: 1478416
...
006 (010.014.000) 02/11 22:12:06 Image size of job updated: 1400540
...
006 (010.017.000) 02/11 22:12:09 Image size of job updated: 1396688
...
006 (010.013.000) 02/11 22:12:10 Image size of job updated: 1533020
...
006 (010.015.000) 02/11 22:12:12 Image size of job updated: 1467740
...
006 (010.001.000) 02/11 22:17:04 Image size of job updated: 1223772
...
006 (010.002.000) 02/11 22:17:04 Image size of job updated: 1258612
...
006 (010.000.000) 02/11 22:17:05 Image size of job updated: 1179020
...
006 (010.014.000) 02/11 22:17:07 Image size of job updated: 1466076
...
006 (010.000.000) 02/11 22:22:06 Image size of job updated: 1244556
...
006 (010.016.000) 02/11 22:22:07 Image size of job updated: 1483296
...
006 (010.007.000) 02/11 22:22:07 Image size of job updated: 1481568
...
006 (010.012.000) 02/11 22:22:13 Image size of job updated: 1386512
...
006 (010.015.000) 02/11 22:22:13 Image size of job updated: 1468208
...
006 (010.018.000) 02/11 22:27:09 Image size of job updated: 1382660
...
006 (010.017.000) 02/11 22:27:10 Image size of job updated: 1403508
...
006 (010.015.000) 02/11 22:27:13 Image size of job updated: 1476360
...
006 (010.002.000) 02/11 22:32:05 Image size of job updated: 1265192
...
006 (010.005.000) 02/11 22:32:09 Image size of job updated: 1394840
...
006 (010.012.000) 02/11 22:32:14 Image size of job updated: 1387476
...
006 (010.000.000) 02/11 22:37:07 Image size of job updated: 1251588
...
006 (010.018.000) 02/11 22:37:10 Image size of job updated: 1384068
...
006 (010.012.000) 02/11 22:37:14 Image size of job updated: 1388468
...
006 (010.003.000) 02/11 22:42:09 Image size of job updated: 1407064
...
006 (010.012.000) 02/11 22:42:15 Image size of job updated: 1393720
...
006 (010.006.000) 02/11 22:47:09 Image size of job updated: 1481748
...
006 (010.007.000) 02/11 22:47:10 Image size of job updated: 1483360
...
006 (010.005.000) 02/11 22:47:11 Image size of job updated: 1395812
...
006 (010.009.000) 02/11 22:47:12 Image size of job updated: 1242192
...
006 (010.017.000) 02/11 22:47:12 Image size of job updated: 1406968
...
006 (010.013.000) 02/11 22:47:13 Image size of job updated: 1540868
...
006 (010.011.000) 02/11 22:47:14 Image size of job updated: 1454076
...
006 (010.015.000) 02/11 22:47:15 Image size of job updated: 1479972
...
006 (010.008.000) 02/11 22:52:09 Image size of job updated: 1222584
...
006 (010.003.000) 02/11 22:52:11 Image size of job updated: 1472600
...
006 (010.005.000) 02/11 22:52:11 Image size of job updated: 1451988
...
006 (010.009.000) 02/11 22:52:13 Image size of job updated: 1242356
...
006 (010.011.000) 02/11 22:52:15 Image size of job updated: 1456868
...
006 (010.007.000) 02/11 22:57:11 Image size of job updated: 1486668
...
006 (010.005.000) 02/11 22:57:12 Image size of job updated: 1460448
...
006 (010.019.000) 02/11 22:57:13 Image size of job updated: 1415412
...
006 (010.011.000) 02/11 22:57:15 Image size of job updated: 1466424
...
006 (010.015.000) 02/11 22:57:17 Image size of job updated: 1482656
...
006 (010.008.000) 02/11 23:02:10 Image size of job updated: 1230004
...
006 (010.005.000) 02/11 23:02:12 Image size of job updated: 1462592
...
006 (010.006.000) 02/11 23:07:11 Image size of job updated: 1486300
...
006 (010.017.000) 02/11 23:07:14 Image size of job updated: 1408296
...
006 (010.013.000) 02/11 23:07:15 Image size of job updated: 1543412
...
006 (010.007.000) 02/11 23:12:12 Image size of job updated: 1498444
...
006 (010.003.000) 02/11 23:12:13 Image size of job updated: 1472648
...
006 (010.013.000) 02/11 23:17:17 Image size of job updated: 1545280
...
006 (010.016.000) 02/11 23:22:13 Image size of job updated: 1486748
...
006 (010.005.000) 02/11 23:22:14 Image size of job updated: 1472220
...
006 (010.009.000) 02/11 23:22:16 Image size of job updated: 1243628
...
006 (010.010.000) 02/11 23:27:15 Image size of job updated: 1258300
...
006 (010.008.000) 02/11 23:32:13 Image size of job updated: 1231712
...
006 (010.001.000) 02/11 23:37:13 Image size of job updated: 1231504
...
006 (010.019.000) 02/11 23:37:17 Image size of job updated: 1480632
...
006 (010.013.000) 02/11 23:37:19 Image size of job updated: 1547676
...
006 (010.011.000) 02/11 23:37:19 Image size of job updated: 1516748
...
006 (010.012.000) 02/11 23:37:21 Image size of job updated: 1455048
...
006 (010.003.000) 02/11 23:42:16 Image size of job updated: 1473604
...
006 (010.013.000) 02/11 23:42:19 Image size of job updated: 1548484
...
006 (010.012.000) 02/11 23:42:21 Image size of job updated: 1458996
...
006 (010.004.000) 02/11 23:47:18 Image size of job updated: 1467444
...
006 (010.013.000) 02/11 23:47:20 Image size of job updated: 1550900
...
006 (010.018.000) 02/11 23:52:18 Image size of job updated: 1389832
...
006 (010.009.000) 02/11 23:52:19 Image size of job updated: 1298568
...
006 (010.001.000) 02/11 23:57:15 Image size of job updated: 1233416
...
006 (010.006.000) 02/11 23:57:17 Image size of job updated: 1486340
...
006 (010.011.000) 02/11 23:57:21 Image size of job updated: 1523728
...
006 (010.001.000) 02/12 00:02:16 Image size of job updated: 1236772
...
006 (010.018.000) 02/12 00:02:19 Image size of job updated: 1393380
...
006 (010.017.000) 02/12 00:07:21 Image size of job updated: 1411328
...
006 (010.009.000) 02/12 00:07:21 Image size of job updated: 1307456
...
006 (010.010.000) 02/12 00:12:19 Image size of job updated: 1284412
...
006 (010.001.000) 02/12 00:22:17 Image size of job updated: 1238100
...
006 (010.000.000) 02/12 00:37:20 Image size of job updated: 1254376
...
006 (010.018.000) 02/12 00:42:24 Image size of job updated: 1446924
...
006 (010.008.000) 02/12 00:47:21 Image size of job updated: 1288120
...
006 (010.006.000) 02/12 00:52:23 Image size of job updated: 1489004
...
006 (010.014.000) 02/12 00:52:24 Image size of job updated: 1467380
...
006 (010.018.000) 02/12 00:52:25 Image size of job updated: 1453632
...
006 (010.014.000) 02/12 00:57:24 Image size of job updated: 1468424
...
006 (010.017.000) 02/12 00:57:27 Image size of job updated: 1474764
...
006 (010.000.000) 02/12 01:02:23 Image size of job updated: 1268416
...
006 (010.015.000) 02/12 01:02:27 Image size of job updated: 1491576
...
006 (010.000.000) 02/12 01:07:24 Image size of job updated: 1273608
...
006 (010.004.000) 02/12 01:07:25 Image size of job updated: 1474548
...
006 (010.014.000) 02/12 01:07:25 Image size of job updated: 1473708
...
006 (010.013.000) 02/12 01:07:29 Image size of job updated: 1554272
...
006 (010.002.000) 02/12 01:12:22 Image size of job updated: 1265372
...
006 (010.011.000) 02/12 01:17:30 Image size of job updated: 1525664
...
006 (010.018.000) 02/12 01:22:28 Image size of job updated: 1505676
...
006 (010.006.000) 02/12 01:27:27 Image size of job updated: 1490624
...
006 (010.018.000) 02/12 01:27:28 Image size of job updated: 1514020
...
006 (010.012.000) 02/12 01:27:31 Image size of job updated: 1464904
...
006 (010.005.000) 02/12 01:32:26 Image size of job updated: 1478312
...
006 (010.000.000) 02/12 01:37:27 Image size of job updated: 1277812
...
006 (010.019.000) 02/12 01:37:27 Image size of job updated: 1486316
...
006 (010.002.000) 02/12 01:42:27 Image size of job updated: 1267484
...
006 (010.008.000) 02/12 01:47:27 Image size of job updated: 1295472
...
006 (010.016.000) 02/12 02:02:29 Image size of job updated: 1486964
...
006 (010.005.000) 02/12 02:07:30 Image size of job updated: 1485084
...
006 (010.006.000) 02/12 02:12:33 Image size of job updated: 1545880
...
006 (010.018.000) 02/12 02:12:34 Image size of job updated: 1516456
...
006 (010.017.000) 02/12 02:17:35 Image size of job updated: 1476068
...
006 (010.017.000) 02/12 02:22:36 Image size of job updated: 1477544
...
006 (010.006.000) 02/12 02:27:34 Image size of job updated: 1546092
...
006 (010.008.000) 02/12 02:37:32 Image size of job updated: 1297304
...
006 (010.001.000) 02/12 02:42:30 Image size of job updated: 1241728
...
006 (010.006.000) 02/12 02:52:37 Image size of job updated: 1550572
...
006 (010.016.000) 02/12 02:57:35 Image size of job updated: 1487216
...
006 (010.010.000) 02/12 02:57:36 Image size of job updated: 1316272
...
006 (010.001.000) 02/12 03:02:32 Image size of job updated: 1297732
...
006 (010.010.000) 02/12 03:02:37 Image size of job updated: 1323268
...
006 (010.009.000) 02/12 03:02:38 Image size of job updated: 1307776
...
006 (010.001.000) 02/12 03:07:33 Image size of job updated: 1311440
...
006 (010.000.000) 02/12 03:07:37 Image size of job updated: 1288880
...
006 (010.006.000) 02/12 03:07:39 Image size of job updated: 1554212
...
006 (010.009.000) 02/12 03:17:39 Image size of job updated: 1308072
...
006 (010.009.000) 02/12 03:27:40 Image size of job updated: 1309428
...
006 (010.010.000) 02/12 03:37:40 Image size of job updated: 1323684
...
006 (010.009.000) 02/12 03:37:41 Image size of job updated: 1312136
...
006 (010.019.000) 02/12 03:42:40 Image size of job updated: 1491940
...
006 (010.010.000) 02/12 03:47:41 Image size of job updated: 1326856
...
006 (010.009.000) 02/12 03:47:42 Image size of job updated: 1338284
...
006 (010.018.000) 02/12 03:47:42 Image size of job updated: 1516640
...
006 (010.001.000) 02/12 03:52:37 Image size of job updated: 1313524
...
006 (010.009.000) 02/12 03:52:43 Image size of job updated: 1342572
...
006 (010.018.000) 02/12 03:52:43 Image size of job updated: 1518296
...
006 (010.000.000) 02/12 03:57:42 Image size of job updated: 1310092
...
006 (010.017.000) 02/12 03:57:46 Image size of job updated: 1486980
...
006 (010.000.000) 02/12 04:17:44 Image size of job updated: 1336444
...
006 (010.000.000) 02/12 04:22:44 Image size of job updated: 1357804
...
006 (010.013.000) 02/12 04:22:50 Image size of job updated: 1554916
...
006 (010.002.000) 02/12 04:27:45 Image size of job updated: 1324148
...
006 (010.014.000) 02/12 04:27:46 Image size of job updated: 1474068
...
006 (010.016.000) 02/12 04:32:46 Image size of job updated: 1492104
...
006 (010.003.000) 02/12 04:32:48 Image size of job updated: 1475332
...
006 (010.009.000) 02/12 04:32:48 Image size of job updated: 1342764
...
006 (010.008.000) 02/12 04:37:45 Image size of job updated: 1353656
...
006 (010.016.000) 02/12 04:37:46 Image size of job updated: 1498080
...
006 (010.009.000) 02/12 04:37:48 Image size of job updated: 1356824
...
006 (010.014.000) 02/12 04:37:48 Image size of job updated: 1480000
...
006 (010.008.000) 02/12 04:42:45 Image size of job updated: 1362900
...
006 (010.014.000) 02/12 04:42:48 Image size of job updated: 1481836
...
006 (010.018.000) 02/12 04:47:50 Image size of job updated: 1520388
...
006 (010.018.000) 02/12 04:52:50 Image size of job updated: 1524492
...
006 (010.003.000) 02/12 05:02:49 Image size of job updated: 1479804
...
006 (010.017.000) 02/12 05:27:55 Image size of job updated: 1494124
...
006 (010.006.000) 02/12 05:32:55 Image size of job updated: 1565280
...
006 (010.017.000) 02/12 05:32:56 Image size of job updated: 1498560
...
006 (010.018.000) 02/12 05:47:56 Image size of job updated: 1531376
...
006 (010.019.000) 02/12 06:02:55 Image size of job updated: 1494936
...
006 (010.010.000) 02/12 06:07:54 Image size of job updated: 1381808
...
006 (010.001.000) 02/12 06:12:52 Image size of job updated: 1338336
...
006 (010.018.000) 02/12 06:12:59 Image size of job updated: 1571212
...
006 (010.010.000) 02/12 06:17:55 Image size of job updated: 1389212
...
006 (010.013.000) 02/12 06:18:02 Image size of job updated: 1559180
...
006 (010.018.000) 02/12 06:22:59 Image size of job updated: 1578812
...
006 (010.007.000) 02/12 06:23:00 Image size of job updated: 1500148
...
006 (010.011.000) 02/12 06:23:02 Image size of job updated: 1543352
...
006 (010.013.000) 02/12 06:23:02 Image size of job updated: 1559824
...
006 (010.016.000) 02/12 06:27:58 Image size of job updated: 1499404
...
006 (010.011.000) 02/12 06:28:02 Image size of job updated: 1547332
...
006 (010.016.000) 02/12 06:32:58 Image size of job updated: 1500060
...
006 (010.018.000) 02/12 06:33:01 Image size of job updated: 1585512
...
006 (010.018.000) 02/12 06:48:02 Image size of job updated: 1588048
...
006 (010.018.000) 02/12 06:53:02 Image size of job updated: 1591752
...
006 (010.000.000) 02/12 07:03:00 Image size of job updated: 1360064
...
006 (010.003.000) 02/12 07:03:03 Image size of job updated: 1484900
...
006 (010.012.000) 02/12 07:28:09 Image size of job updated: 1466632
...
006 (010.015.000) 02/12 07:28:09 Image size of job updated: 1493492
...
006 (010.008.000) 02/12 07:48:05 Image size of job updated: 1419192
...
006 (010.005.000) 02/12 07:53:08 Image size of job updated: 1485692
...
006 (010.011.000) 02/12 07:53:09 Image size of job updated: 1597320
...
006 (010.012.000) 02/12 08:33:17 Image size of job updated: 1530536
...
006 (010.003.000) 02/12 08:38:13 Image size of job updated: 1489768
...
006 (010.015.000) 02/12 08:38:18 Image size of job updated: 1533096
...
006 (010.015.000) 02/12 08:48:19 Image size of job updated: 1541720
...
006 (010.015.000) 02/12 08:58:20 Image size of job updated: 1542300
...
006 (010.015.000) 02/12 09:03:20 Image size of job updated: 1553660
...
010 (010.008.000) 02/12 09:10:49 Job was suspended.
	Number of processes actually suspended: 2
...
010 (010.010.000) 02/12 09:10:54 Job was suspended.
	Number of processes actually suspended: 2
...
010 (010.009.000) 02/12 09:10:54 Job was suspended.
	Number of processes actually suspended: 2
...
006 (010.016.000) 02/12 09:13:15 Image size of job updated: 1502996
...
011 (010.008.000) 02/12 09:20:51 Job was unsuspended.
...
004 (010.008.000) 02/12 09:20:51 Job was evicted.
	(0) Job was not checkpointed.
		Usr 0 10:15:31, Sys 0 00:07:10  -  Run Remote Usage
		Usr 0 00:00:00, Sys 0 00:00:00  -  Run Local Usage
	0  -  Run Bytes Sent By Job
	0  -  Run Bytes Received By Job
...
011 (010.010.000) 02/12 09:20:57 Job was unsuspended.
...
011 (010.009.000) 02/12 09:20:57 Job was unsuspended.
...
004 (010.010.000) 02/12 09:20:57 Job was evicted.
	(0) Job was not checkpointed.
		Usr 0 10:18:11, Sys 0 00:06:30  -  Run Remote Usage
		Usr 0 00:00:00, Sys 0 00:00:00  -  Run Local Usage
	0  -  Run Bytes Sent By Job
	0  -  Run Bytes Received By Job
...
004 (010.009.000) 02/12 09:20:57 Job was evicted.
	(0) Job was not checkpointed.
		Usr 0 10:21:39, Sys 0 00:07:09  -  Run Remote Usage
		Usr 0 00:00:00, Sys 0 00:00:00  -  Run Local Usage
	0  -  Run Bytes Sent By Job
	0  -  Run Bytes Received By Job
...
006 (010.013.000) 02/12 09:23:23 Image size of job updated: 1561120
...
001 (010.008.000) 02/12 09:24:10 Job executing on host: <128.83.120.222:52706>
...
001 (010.009.000) 02/12 09:24:10 Job executing on host: <128.83.120.222:52706>
...
001 (010.010.000) 02/12 09:24:10 Job executing on host: <128.83.130.58:35705>
...
006 (010.013.000) 02/12 09:28:24 Image size of job updated: 1574872
...
006 (010.013.000) 02/12 09:33:24 Image size of job updated: 1585560
...
006 (010.014.000) 02/12 09:38:18 Image size of job updated: 1533288
...
006 (010.012.000) 02/12 10:18:28 Image size of job updated: 1536704
...
006 (010.012.000) 02/12 10:23:29 Image size of job updated: 1537796
...
006 (010.018.000) 02/12 10:33:25 Image size of job updated: 1657184
...
006 (010.019.000) 02/12 10:53:26 Image size of job updated: 1497616
...
006 (010.002.000) 02/12 11:08:27 Image size of job updated: 1334128
...
006 (010.002.000) 02/12 11:13:27 Image size of job updated: 1334872
...
006 (010.002.000) 02/12 11:23:28 Image size of job updated: 1355872
...
006 (010.002.000) 02/12 11:38:30 Image size of job updated: 1361856
...
006 (010.018.000) 02/12 11:38:31 Image size of job updated: 1664212
...
006 (010.015.000) 02/12 11:48:37 Image size of job updated: 1557128
...
006 (010.007.000) 02/12 11:53:37 Image size of job updated: 1502344
...
006 (010.002.000) 02/12 12:03:31 Image size of job updated: 1427392
...
006 (010.016.000) 02/12 12:03:33 Image size of job updated: 1506588
...
006 (010.005.000) 02/12 12:03:35 Image size of job updated: 1531328
...
006 (010.016.000) 02/12 12:08:33 Image size of job updated: 1522540
...
006 (010.000.000) 02/12 12:13:31 Image size of job updated: 1372256
...
006 (010.001.000) 02/12 12:13:31 Image size of job updated: 1361152
...
006 (010.003.000) 02/12 12:13:37 Image size of job updated: 1495700
...
006 (010.012.000) 02/12 12:13:40 Image size of job updated: 1576540
...
006 (010.007.000) 02/12 12:18:40 Image size of job updated: 1509380
...
006 (010.012.000) 02/12 12:18:41 Image size of job updated: 1583892
...
006 (010.003.000) 02/12 12:28:38 Image size of job updated: 1498980
...
006 (010.019.000) 02/12 13:08:38 Image size of job updated: 1498864
...
006 (010.002.000) 02/12 13:08:39 Image size of job updated: 1455220
...
006 (010.006.000) 02/12 13:08:40 Image size of job updated: 1606192
...
006 (010.006.000) 02/12 13:38:43 Image size of job updated: 1620900
...
006 (010.006.000) 02/12 13:43:44 Image size of job updated: 1636192
...
006 (010.006.000) 02/12 13:48:45 Image size of job updated: 1647580
...
006 (010.017.000) 02/12 14:13:49 Image size of job updated: 1502596
...
006 (010.017.000) 02/12 14:18:49 Image size of job updated: 1520128
...
005 (010.002.000) 02/12 14:50:00 Job terminated.
	(1) Normal termination (return value 0)
		Usr 0 12:46:52, Sys 0 00:15:16  -  Run Remote Usage
		Usr 0 00:00:00, Sys 0 00:00:00  -  Run Local Usage
		Usr 0 12:46:52, Sys 0 00:15:16  -  Total Remote Usage
		Usr 0 00:00:00, Sys 0 00:00:00  -  Total Local Usage
	0  -  Run Bytes Sent By Job
	0  -  Run Bytes Received By Job
	0  -  Total Bytes Sent By Job
	0  -  Total Bytes Received By Job
...
005 (010.013.000) 02/12 14:50:06 Job terminated.
	(1) Normal termination (return value 0)
		Usr 0 15:24:24, Sys 0 00:13:54  -  Run Remote Usage
		Usr 0 00:00:00, Sys 0 00:00:00  -  Run Local Usage
		Usr 0 15:24:24, Sys 0 00:13:54  -  Total Remote Usage
		Usr 0 00:00:00, Sys 0 00:00:00  -  Total Local Usage
	0  -  Run Bytes Sent By Job
	0  -  Run Bytes Received By Job
	0  -  Total Bytes Sent By Job
	0  -  Total Bytes Received By Job
...
005 (010.009.000) 02/12 14:50:14 Job terminated.
	(1) Normal termination (return value 0)
		Usr 0 04:39:41, Sys 0 00:04:22  -  Run Remote Usage
		Usr 0 00:00:00, Sys 0 00:00:00  -  Run Local Usage
		Usr 0 04:39:41, Sys 0 00:04:22  -  Total Remote Usage
		Usr 0 00:00:00, Sys 0 00:00:00  -  Total Local Usage
	0  -  Run Bytes Sent By Job
	0  -  Run Bytes Received By Job
	0  -  Total Bytes Sent By Job
	0  -  Total Bytes Received By Job
...
005 (010.017.000) 02/12 14:50:30 Job terminated.
	(1) Normal termination (return value 0)
		Usr 0 15:24:28, Sys 0 00:14:18  -  Run Remote Usage
		Usr 0 00:00:00, Sys 0 00:00:00  -  Run Local Usage
		Usr 0 15:24:28, Sys 0 00:14:18  -  Total Remote Usage
		Usr 0 00:00:00, Sys 0 00:00:00  -  Total Local Usage
	0  -  Run Bytes Sent By Job
	0  -  Run Bytes Received By Job
	0  -  Total Bytes Sent By Job
	0  -  Total Bytes Received By Job
...
000 (001.000.000) 02/12 18:05:39 Job submitted from host: <128.83.130.51:58366>
...
001 (001.000.000) 02/12 18:06:13 Job executing on host: <128.83.130.238:56294>
...
006 (001.000.000) 02/12 18:11:23 Image size of job updated: 1256612
...
006 (001.000.000) 02/12 18:21:23 Image size of job updated: 1266076
...
006 (001.000.000) 02/12 18:26:24 Image size of job updated: 1267536
...
006 (001.000.000) 02/12 18:46:27 Image size of job updated: 1329008
...
006 (001.000.000) 02/12 18:56:27 Image size of job updated: 1330804
...
006 (001.000.000) 02/12 19:11:29 Image size of job updated: 1342764
...
006 (001.000.000) 02/12 19:16:29 Image size of job updated: 1345224
...
006 (001.000.000) 02/12 19:26:30 Image size of job updated: 1345488
...
006 (001.000.000) 02/12 19:31:30 Image size of job updated: 1345872
...
006 (001.000.000) 02/12 19:36:31 Image size of job updated: 1350368
...
004 (001.000.000) 02/13 00:59:45 Job was evicted.
	(0) Job was not checkpointed.
		Usr 0 02:31:35, Sys 0 00:03:04  -  Run Remote Usage
		Usr 0 00:00:00, Sys 0 00:00:00  -  Run Local Usage
	0  -  Run Bytes Sent By Job
	0  -  Run Bytes Received By Job
...
001 (001.000.000) 02/13 01:03:12 Job executing on host: <128.83.139.222:54890>
...
006 (001.000.000) 02/13 16:55:03 Image size of job updated: 1511964
...
006 (001.000.000) 02/13 17:55:10 Image size of job updated: 1522808
...
006 (001.000.000) 02/13 20:55:28 Image size of job updated: 1527944
...
006 (001.000.000) 02/14 05:46:25 Image size of job updated: 1557368
...
006 (001.000.000) 02/14 05:51:25 Image size of job updated: 1558488
...
006 (001.000.000) 02/14 08:11:40 Image size of job updated: 1571684
...
006 (001.000.000) 02/14 08:31:42 Image size of job updated: 1642828
...
006 (001.000.000) 02/14 08:36:43 Image size of job updated: 1898856
...
006 (001.000.000) 02/14 09:01:45 Image size of job updated: 1902164
...
006 (001.000.000) 02/14 09:26:47 Image size of job updated: 1967700
...
006 (001.000.000) 02/14 10:26:53 Image size of job updated: 2045000
...
006 (001.000.000) 02/14 10:51:55 Image size of job updated: 2111608
...
006 (001.000.000) 02/14 13:47:14 Image size of job updated: 2204448
...
006 (001.000.000) 02/14 14:47:19 Image size of job updated: 2225484
...
006 (001.000.000) 02/14 15:22:23 Image size of job updated: 2248116
...
006 (001.000.000) 02/14 15:52:26 Image size of job updated: 2359232
...
006 (001.000.000) 02/14 19:12:46 Image size of job updated: 2501040
...
010 (001.000.000) 02/14 19:30:02 Job was suspended.
	Number of processes actually suspended: 2
...
011 (001.000.000) 02/14 19:39:49 Job was unsuspended.
...
004 (001.000.000) 02/14 19:39:51 Job was evicted.
	(0) Job was not checkpointed.
		Usr 1 16:44:58, Sys 0 00:45:48  -  Run Remote Usage
		Usr 0 00:00:00, Sys 0 00:00:00  -  Run Local Usage
	0  -  Run Bytes Sent By Job
	0  -  Run Bytes Received By Job
...
001 (001.000.000) 02/14 19:43:55 Job executing on host: <128.83.139.212:42633>
...
010 (001.000.000) 02/15 04:01:08 Job was suspended.
	Number of processes actually suspended: 2
...
011 (001.000.000) 02/15 04:10:43 Job was unsuspended.
...
004 (001.000.000) 02/15 04:10:44 Job was evicted.
	(0) Job was not checkpointed.
		Usr 0 07:51:16, Sys 0 00:09:36  -  Run Remote Usage
		Usr 0 00:00:00, Sys 0 00:00:00  -  Run Local Usage
	0  -  Run Bytes Sent By Job
	0  -  Run Bytes Received By Job
...
001 (001.000.000) 02/15 04:16:13 Job executing on host: <128.83.139.228:38477>
...
010 (001.000.000) 02/15 04:42:09 Job was suspended.
	Number of processes actually suspended: 2
...
011 (001.000.000) 02/15 04:52:11 Job was unsuspended.
...
004 (001.000.000) 02/15 04:52:15 Job was evicted.
	(0) Job was not checkpointed.
		Usr 0 00:23:39, Sys 0 00:00:30  -  Run Remote Usage
		Usr 0 00:00:00, Sys 0 00:00:00  -  Run Local Usage
	0  -  Run Bytes Sent By Job
	0  -  Run Bytes Received By Job
...
001 (001.000.000) 02/15 04:52:32 Job executing on host: <128.83.139.189:38278>
...
010 (001.000.000) 02/15 05:01:46 Job was suspended.
	Number of processes actually suspended: 2
...
011 (001.000.000) 02/15 05:04:26 Job was unsuspended.
...
010 (001.000.000) 02/15 05:06:34 Job was suspended.
	Number of processes actually suspended: 2
...
011 (001.000.000) 02/15 05:09:21 Job was unsuspended.
...
010 (001.000.000) 02/15 05:18:55 Job was suspended.
	Number of processes actually suspended: 2
...
011 (001.000.000) 02/15 05:21:38 Job was unsuspended.
...
010 (001.000.000) 02/15 05:31:18 Job was suspended.
	Number of processes actually suspended: 2
...
011 (001.000.000) 02/15 05:35:08 Job was unsuspended.
...
010 (001.000.000) 02/15 05:40:55 Job was suspended.
	Number of processes actually suspended: 2
...
011 (001.000.000) 02/15 05:50:37 Job was unsuspended.
...
010 (001.000.000) 02/15 05:58:35 Job was suspended.
	Number of processes actually suspended: 2
...
011 (001.000.000) 02/15 06:03:03 Job was unsuspended.
...
010 (001.000.000) 02/15 06:05:19 Job was suspended.
	Number of processes actually suspended: 2
...
011 (001.000.000) 02/15 06:06:22 Job was unsuspended.
...
010 (001.000.000) 02/15 06:10:14 Job was suspended.
	Number of processes actually suspended: 2
...
011 (001.000.000) 02/15 06:10:34 Job was unsuspended.
...
010 (001.000.000) 02/15 06:21:26 Job was suspended.
	Number of processes actually suspended: 2
...
011 (001.000.000) 02/15 06:31:06 Job was unsuspended.
...
010 (001.000.000) 02/15 06:34:24 Job was suspended.
	Number of processes actually suspended: 2
...
011 (001.000.000) 02/15 06:38:00 Job was unsuspended.
...
010 (001.000.000) 02/15 06:40:07 Job was suspended.
	Number of processes actually suspended: 2
...
011 (001.000.000) 02/15 06:41:37 Job was unsuspended.
...
010 (001.000.000) 02/15 06:47:57 Job was suspended.
	Number of processes actually suspended: 2
...
011 (001.000.000) 02/15 06:49:52 Job was unsuspended.
...
010 (001.000.000) 02/15 06:52:58 Job was suspended.
	Number of processes actually suspended: 2
...
011 (001.000.000) 02/15 07:01:12 Job was unsuspended.
...
010 (001.000.000) 02/15 07:12:08 Job was suspended.
	Number of processes actually suspended: 2
...
011 (001.000.000) 02/15 07:15:39 Job was unsuspended.
...
010 (001.000.000) 02/15 07:18:04 Job was suspended.
	Number of processes actually suspended: 2
...
011 (001.000.000) 02/15 07:21:37 Job was unsuspended.
...
010 (001.000.000) 02/15 07:51:23 Job was suspended.
	Number of processes actually suspended: 2
...
011 (001.000.000) 02/15 07:51:47 Job was unsuspended.
...
010 (001.000.000) 02/15 07:59:03 Job was suspended.
	Number of processes actually suspended: 2
...
011 (001.000.000) 02/15 08:01:39 Job was unsuspended.
...
022 (001.000.000) 02/15 13:32:19 Job disconnected, attempting to reconnect
    Local schedd and job shadow died, schedd now running again
    Trying to reconnect to slot5@rhavan-59.cs.utexas.edu <128.83.139.189:38278>
...
023 (001.000.000) 02/15 13:32:19 Job reconnected to slot5@rhavan-59.cs.utexas.edu
    startd address: <128.83.139.189:38278>
    starter address: <128.83.139.189:34848>
...
022 (001.000.000) 02/16 16:40:10 Job disconnected, attempting to reconnect
    Local schedd and job shadow died, schedd now running again
    Trying to reconnect to slot5@rhavan-59.cs.utexas.edu <128.83.139.189:38278>
...
023 (001.000.000) 02/16 16:40:10 Job reconnected to slot5@rhavan-59.cs.utexas.edu
    startd address: <128.83.139.189:38278>
    starter address: <128.83.139.189:34848>
...
005 (001.000.000) 02/17 08:29:33 Job terminated.
	(1) Normal termination (return value 0)
		Usr 2 01:28:22, Sys 0 00:59:03  -  Run Remote Usage
		Usr 0 00:00:00, Sys 0 00:00:00  -  Run Local Usage
		Usr 2 01:28:22, Sys 0 00:59:03  -  Total Remote Usage
		Usr 0 00:00:00, Sys 0 00:00:00  -  Total Local Usage
	0  -  Run Bytes Sent By Job
	0  -  Run Bytes Received By Job
	0  -  Total Bytes Sent By Job
	0  -  Total Bytes Received By Job
...
