000 (008.000.000) 02/11 21:17:24 Job submitted from host: <128.83.130.38:57618>
...
000 (009.000.000) 02/11 21:17:33 Job submitted from host: <128.83.130.38:57618>
...
001 (008.000.000) 02/11 21:17:39 Job executing on host: <128.83.144.143:40479>
...
001 (009.000.000) 02/11 21:17:39 Job executing on host: <128.83.144.143:40479>
...
006 (008.000.000) 02/11 21:17:47 Image size of job updated: 1021536
...
006 (009.000.000) 02/11 21:17:47 Image size of job updated: 1023524
...
010 (009.000.000) 02/11 21:20:05 Job was suspended.
	Number of processes actually suspended: 2
...
006 (009.000.000) 02/11 21:20:05 Image size of job updated: 1224700
...
010 (008.000.000) 02/11 21:20:15 Job was suspended.
	Number of processes actually suspended: 2
...
006 (008.000.000) 02/11 21:20:15 Image size of job updated: 1333788
...
011 (008.000.000) 02/11 21:26:44 Job was unsuspended.
...
006 (008.000.000) 02/11 21:27:48 Image size of job updated: 1359112
...
011 (009.000.000) 02/11 21:30:09 Job was unsuspended.
...
004 (009.000.000) 02/11 21:30:10 Job was evicted.
	(0) Job was not checkpointed.
		Usr 0 00:01:57, Sys 0 00:00:03  -  Run Remote Usage
		Usr 0 00:00:00, Sys 0 00:00:00  -  Run Local Usage
	0  -  Run Bytes Sent By Job
	0  -  Run Bytes Received By Job
...
001 (009.000.000) 02/11 21:31:53 Job executing on host: <128.83.144.137:33722>
...
006 (008.000.000) 02/11 21:32:49 Image size of job updated: 1419052
...
006 (009.000.000) 02/11 21:37:01 Image size of job updated: 1266320
...
006 (008.000.000) 02/11 21:37:50 Image size of job updated: 1452692
...
006 (009.000.000) 02/11 21:42:01 Image size of job updated: 1297184
...
006 (008.000.000) 02/11 21:42:50 Image size of job updated: 1503332
...
010 (008.000.000) 02/11 21:43:23 Job was suspended.
	Number of processes actually suspended: 2
...
011 (008.000.000) 02/11 21:46:39 Job was unsuspended.
...
006 (009.000.000) 02/11 21:47:02 Image size of job updated: 1352752
...
006 (009.000.000) 02/11 21:52:03 Image size of job updated: 1418288
...
006 (008.000.000) 02/11 21:52:50 Image size of job updated: 1511648
...
006 (009.000.000) 02/11 21:57:03 Image size of job updated: 1487116
...
006 (008.000.000) 02/11 21:57:50 Image size of job updated: 1627836
...
006 (009.000.000) 02/11 22:02:03 Image size of job updated: 1577964
...
006 (008.000.000) 02/11 22:02:51 Image size of job updated: 1703232
...
006 (009.000.000) 02/11 22:07:04 Image size of job updated: 1676584
...
006 (008.000.000) 02/11 22:07:52 Image size of job updated: 1711548
...
006 (009.000.000) 02/11 22:12:04 Image size of job updated: 1726344
...
006 (008.000.000) 02/11 22:12:52 Image size of job updated: 1777084
...
006 (009.000.000) 02/11 22:17:04 Image size of job updated: 1756092
...
006 (008.000.000) 02/11 22:17:52 Image size of job updated: 1837596
...
006 (009.000.000) 02/11 22:22:05 Image size of job updated: 1895000
...
006 (008.000.000) 02/11 22:22:53 Image size of job updated: 1959792
...
006 (009.000.000) 02/11 22:27:06 Image size of job updated: 2056832
...
006 (008.000.000) 02/11 22:27:54 Image size of job updated: 2025328
...
006 (008.000.000) 02/11 22:32:54 Image size of job updated: 2059780
...
006 (009.000.000) 02/11 22:37:06 Image size of job updated: 2073008
...
006 (009.000.000) 02/11 22:42:07 Image size of job updated: 2155600
...
006 (008.000.000) 02/11 22:42:56 Image size of job updated: 2216180
...
006 (009.000.000) 02/11 22:47:08 Image size of job updated: 2180360
...
006 (009.000.000) 02/11 22:52:08 Image size of job updated: 2231044
...
006 (008.000.000) 02/11 22:52:56 Image size of job updated: 2292188
...
006 (009.000.000) 02/11 22:57:09 Image size of job updated: 2260544
...
006 (008.000.000) 02/11 22:57:56 Image size of job updated: 2355976
...
006 (009.000.000) 02/11 23:02:10 Image size of job updated: 2518376
...
006 (009.000.000) 02/11 23:12:10 Image size of job updated: 2569060
...
006 (008.000.000) 02/11 23:12:57 Image size of job updated: 2431888
...
006 (009.000.000) 02/11 23:17:11 Image size of job updated: 2634596
...
006 (008.000.000) 02/11 23:17:58 Image size of job updated: 2497424
...
006 (009.000.000) 02/11 23:22:12 Image size of job updated: 2649448
...
006 (009.000.000) 02/11 23:27:12 Image size of job updated: 2780520
...
006 (008.000.000) 02/11 23:27:59 Image size of job updated: 2540924
...
006 (009.000.000) 02/11 23:37:13 Image size of job updated: 2846056
...
006 (008.000.000) 02/11 23:38:00 Image size of job updated: 2631788
...
006 (009.000.000) 02/11 23:42:14 Image size of job updated: 2896740
...
006 (008.000.000) 02/11 23:43:01 Image size of job updated: 2652076
...
006 (008.000.000) 02/11 23:53:01 Image size of job updated: 2705044
...
006 (009.000.000) 02/12 00:02:16 Image size of job updated: 2945488
...
006 (008.000.000) 02/12 00:03:03 Image size of job updated: 2715476
...
006 (009.000.000) 02/12 00:07:16 Image size of job updated: 2955916
...
006 (008.000.000) 02/12 00:08:03 Image size of job updated: 2752976
...
006 (009.000.000) 02/12 00:12:17 Image size of job updated: 3003724
...
006 (008.000.000) 02/12 00:13:03 Image size of job updated: 2803660
...
006 (009.000.000) 02/12 00:17:18 Image size of job updated: 3069260
...
006 (009.000.000) 02/12 00:22:18 Image size of job updated: 3084112
...
006 (008.000.000) 02/12 00:23:05 Image size of job updated: 2873624
...
006 (009.000.000) 02/12 00:27:18 Image size of job updated: 3109440
...
006 (008.000.000) 02/12 00:28:05 Image size of job updated: 2979340
...
006 (009.000.000) 02/12 00:32:19 Image size of job updated: 3160124
...
006 (009.000.000) 02/12 00:37:20 Image size of job updated: 3240512
...
006 (008.000.000) 02/12 00:38:07 Image size of job updated: 3070232
...
006 (009.000.000) 02/12 00:47:20 Image size of job updated: 3356732
...
006 (009.000.000) 02/12 00:52:21 Image size of job updated: 3371584
...
006 (008.000.000) 02/12 00:53:08 Image size of job updated: 3234352
...
006 (008.000.000) 02/12 00:58:09 Image size of job updated: 3340096
...
006 (009.000.000) 02/12 01:02:21 Image size of job updated: 3477328
...
006 (009.000.000) 02/12 01:07:22 Image size of job updated: 3522944
...
006 (009.000.000) 02/12 01:12:23 Image size of job updated: 3618272
...
006 (008.000.000) 02/12 01:13:11 Image size of job updated: 3384376
...
006 (009.000.000) 02/12 01:17:23 Image size of job updated: 3668956
...
006 (008.000.000) 02/12 01:18:11 Image size of job updated: 3449912
...
006 (009.000.000) 02/12 01:27:24 Image size of job updated: 3736376
...
006 (008.000.000) 02/12 01:28:12 Image size of job updated: 3515448
...
006 (009.000.000) 02/12 01:32:25 Image size of job updated: 3744212
...
006 (008.000.000) 02/12 01:33:13 Image size of job updated: 3566132
...
006 (009.000.000) 02/12 01:42:25 Image size of job updated: 3840424
...
006 (008.000.000) 02/12 01:43:14 Image size of job updated: 3646520
...
006 (008.000.000) 02/12 01:48:15 Image size of job updated: 3712056
...
006 (009.000.000) 02/12 01:52:27 Image size of job updated: 3856452
...
006 (009.000.000) 02/12 01:57:27 Image size of job updated: 3904180
...
006 (008.000.000) 02/12 01:58:16 Image size of job updated: 3843128
...
006 (008.000.000) 02/12 02:03:16 Image size of job updated: 3875068
...
005 (009.000.000) 02/12 02:19:08 Job terminated.
	(1) Normal termination (return value 137)
		Usr 0 04:27:13, Sys 0 00:07:04  -  Run Remote Usage
		Usr 0 00:00:00, Sys 0 00:00:00  -  Run Local Usage
		Usr 0 04:27:13, Sys 0 00:07:04  -  Total Remote Usage
		Usr 0 00:00:00, Sys 0 00:00:00  -  Total Local Usage
	0  -  Run Bytes Sent By Job
	0  -  Run Bytes Received By Job
	0  -  Total Bytes Sent By Job
	0  -  Total Bytes Received By Job
...
010 (008.000.000) 02/12 09:16:31 Job was suspended.
	Number of processes actually suspended: 2
...
011 (008.000.000) 02/12 09:18:51 Job was unsuspended.
...
006 (008.000.000) 02/12 12:53:14 Image size of job updated: 3891180
...
006 (008.000.000) 02/12 13:03:15 Image size of job updated: 3934692
...
006 (008.000.000) 02/12 13:08:16 Image size of job updated: 3964440
...
006 (008.000.000) 02/12 13:13:16 Image size of job updated: 3984776
...
