000 (13875.000.000) 02/12 02:39:18 Job submitted from host: <128.83.120.170:55062>
...
001 (13875.000.000) 02/12 02:39:30 Job executing on host: <128.83.120.75:51406>
...
006 (13875.000.000) 02/12 02:39:38 Image size of job updated: 961212
	103  -  MemoryUsage of job (MB)
	104532  -  ResidentSetSize of job (KB)
...
006 (13875.000.000) 02/12 02:44:38 Image size of job updated: 1378496
	295  -  MemoryUsage of job (MB)
	301256  -  ResidentSetSize of job (KB)
...
006 (13875.000.000) 02/12 02:49:38 Image size of job updated: 1625788
	414  -  MemoryUsage of job (MB)
	423068  -  ResidentSetSize of job (KB)
...
006 (13875.000.000) 02/12 02:54:39 Image size of job updated: 1625788
	461  -  MemoryUsage of job (MB)
	471904  -  ResidentSetSize of job (KB)
...
006 (13875.000.000) 02/12 02:59:40 Image size of job updated: 1682916
	539  -  MemoryUsage of job (MB)
	551148  -  ResidentSetSize of job (KB)
...
006 (13875.000.000) 02/12 03:09:40 Image size of job updated: 1786180
	574  -  MemoryUsage of job (MB)
	587536  -  ResidentSetSize of job (KB)
...
006 (13875.000.000) 02/12 03:14:41 Image size of job updated: 1830596
	575  -  MemoryUsage of job (MB)
	588420  -  ResidentSetSize of job (KB)
...
006 (13875.000.000) 02/12 03:19:42 Image size of job updated: 1855920
	662  -  MemoryUsage of job (MB)
	676984  -  ResidentSetSize of job (KB)
...
006 (13875.000.000) 02/12 03:24:42 Image size of job updated: 1940408
	760  -  MemoryUsage of job (MB)
	778024  -  ResidentSetSize of job (KB)
...
006 (13875.000.000) 02/12 03:29:42 Image size of job updated: 1950840
	760  -  MemoryUsage of job (MB)
	778024  -  ResidentSetSize of job (KB)
...
006 (13875.000.000) 02/12 03:34:43 Image size of job updated: 1950840
	796  -  MemoryUsage of job (MB)
	814732  -  ResidentSetSize of job (KB)
...
006 (13875.000.000) 02/12 03:39:44 Image size of job updated: 2010608
	866  -  MemoryUsage of job (MB)
	886216  -  ResidentSetSize of job (KB)
...
006 (13875.000.000) 02/12 03:44:44 Image size of job updated: 2126828
	876  -  MemoryUsage of job (MB)
	896692  -  ResidentSetSize of job (KB)
...
006 (13875.000.000) 02/12 03:49:44 Image size of job updated: 2130076
	876  -  MemoryUsage of job (MB)
	896692  -  ResidentSetSize of job (KB)
...
006 (13875.000.000) 02/12 03:54:45 Image size of job updated: 2136656
	876  -  MemoryUsage of job (MB)
	896692  -  ResidentSetSize of job (KB)
...
006 (13875.000.000) 02/12 03:59:45 Image size of job updated: 2185180
	973  -  MemoryUsage of job (MB)
	995576  -  ResidentSetSize of job (KB)
...
006 (13875.000.000) 02/12 04:04:45 Image size of job updated: 2205468
	973  -  MemoryUsage of job (MB)
	995576  -  ResidentSetSize of job (KB)
...
006 (13875.000.000) 02/12 04:09:46 Image size of job updated: 2260588
	1020  -  MemoryUsage of job (MB)
	1044088  -  ResidentSetSize of job (KB)
...
006 (13875.000.000) 02/12 04:14:47 Image size of job updated: 2311272
	1023  -  MemoryUsage of job (MB)
	1047380  -  ResidentSetSize of job (KB)
...
006 (13875.000.000) 02/12 04:19:47 Image size of job updated: 2371740
	1110  -  MemoryUsage of job (MB)
	1136512  -  ResidentSetSize of job (KB)
...
006 (13875.000.000) 02/12 04:24:47 Image size of job updated: 2445112
	1110  -  MemoryUsage of job (MB)
	1136512  -  ResidentSetSize of job (KB)
...
006 (13875.000.000) 02/12 04:29:48 Image size of job updated: 2445112
	1155  -  MemoryUsage of job (MB)
	1181828  -  ResidentSetSize of job (KB)
...
006 (13875.000.000) 02/12 04:34:49 Image size of job updated: 2541548
	1236  -  MemoryUsage of job (MB)
	1265504  -  ResidentSetSize of job (KB)
...
006 (13875.000.000) 02/12 04:39:49 Image size of job updated: 2541548
	1265  -  MemoryUsage of job (MB)
	1294492  -  ResidentSetSize of job (KB)
...
006 (13875.000.000) 02/12 04:44:50 Image size of job updated: 2607084
	1331  -  MemoryUsage of job (MB)
	1362316  -  ResidentSetSize of job (KB)
...
006 (13875.000.000) 02/12 04:54:51 Image size of job updated: 2623220
	1331  -  MemoryUsage of job (MB)
	1362316  -  ResidentSetSize of job (KB)
...
006 (13875.000.000) 02/12 04:59:51 Image size of job updated: 2623220
	1361  -  MemoryUsage of job (MB)
	1393488  -  ResidentSetSize of job (KB)
...
006 (13875.000.000) 02/12 05:04:52 Image size of job updated: 2754292
	1402  -  MemoryUsage of job (MB)
	1435272  -  ResidentSetSize of job (KB)
...
006 (13875.000.000) 02/12 05:09:53 Image size of job updated: 2819828
	1436  -  MemoryUsage of job (MB)
	1470456  -  ResidentSetSize of job (KB)
...
006 (13875.000.000) 02/12 05:14:53 Image size of job updated: 2885364
	1436  -  MemoryUsage of job (MB)
	1470456  -  ResidentSetSize of job (KB)
...
006 (13875.000.000) 02/12 05:19:53 Image size of job updated: 2936048
	1501  -  MemoryUsage of job (MB)
	1536908  -  ResidentSetSize of job (KB)
...
006 (13875.000.000) 02/12 05:24:54 Image size of job updated: 2936048
	1526  -  MemoryUsage of job (MB)
	1562220  -  ResidentSetSize of job (KB)
...
006 (13875.000.000) 02/12 05:29:54 Image size of job updated: 3004876
	1550  -  MemoryUsage of job (MB)
	1586900  -  ResidentSetSize of job (KB)
...
006 (13875.000.000) 02/12 05:34:54 Image size of job updated: 3019728
	1611  -  MemoryUsage of job (MB)
	1648804  -  ResidentSetSize of job (KB)
...
006 (13875.000.000) 02/12 05:39:55 Image size of job updated: 3019728
	1643  -  MemoryUsage of job (MB)
	1682224  -  ResidentSetSize of job (KB)
...
006 (13875.000.000) 02/12 05:44:56 Image size of job updated: 3070412
	1671  -  MemoryUsage of job (MB)
	1710824  -  ResidentSetSize of job (KB)
...
006 (13875.000.000) 02/12 05:49:56 Image size of job updated: 3186584
	1721  -  MemoryUsage of job (MB)
	1761704  -  ResidentSetSize of job (KB)
...
006 (13875.000.000) 02/12 05:54:57 Image size of job updated: 3252120
	1753  -  MemoryUsage of job (MB)
	1794740  -  ResidentSetSize of job (KB)
...
006 (13875.000.000) 02/12 06:04:58 Image size of job updated: 3252120
	1817  -  MemoryUsage of job (MB)
	1860200  -  ResidentSetSize of job (KB)
...
006 (13875.000.000) 02/12 06:09:58 Image size of job updated: 3311628
	1851  -  MemoryUsage of job (MB)
	1895256  -  ResidentSetSize of job (KB)
...
006 (13875.000.000) 02/12 06:14:59 Image size of job updated: 3417372
	1870  -  MemoryUsage of job (MB)
	1914228  -  ResidentSetSize of job (KB)
...
006 (13875.000.000) 02/12 06:20:00 Image size of job updated: 3468056
	1941  -  MemoryUsage of job (MB)
	1987452  -  ResidentSetSize of job (KB)
...
006 (13875.000.000) 02/12 06:25:00 Image size of job updated: 3502884
	1975  -  MemoryUsage of job (MB)
	2021460  -  ResidentSetSize of job (KB)
...
006 (13875.000.000) 02/12 06:30:01 Image size of job updated: 3568420
	2063  -  MemoryUsage of job (MB)
	2112084  -  ResidentSetSize of job (KB)
...
006 (13875.000.000) 02/12 06:35:02 Image size of job updated: 3679568
	2134  -  MemoryUsage of job (MB)
	2185040  -  ResidentSetSize of job (KB)
...
006 (13875.000.000) 02/12 06:40:02 Image size of job updated: 3803564
	2195  -  MemoryUsage of job (MB)
	2247064  -  ResidentSetSize of job (KB)
...
006 (13875.000.000) 02/12 06:45:02 Image size of job updated: 3908520
	2235  -  MemoryUsage of job (MB)
	2287732  -  ResidentSetSize of job (KB)
...
006 (13875.000.000) 02/12 06:50:03 Image size of job updated: 4029160
	2426  -  MemoryUsage of job (MB)
	2483316  -  ResidentSetSize of job (KB)
...
006 (13875.000.000) 02/12 06:55:04 Image size of job updated: 4094696
	2432  -  MemoryUsage of job (MB)
	2489576  -  ResidentSetSize of job (KB)
...
006 (13875.000.000) 02/12 07:00:04 Image size of job updated: 4094696
	2434  -  MemoryUsage of job (MB)
	2492304  -  ResidentSetSize of job (KB)
...
006 (13875.000.000) 02/12 07:10:05 Image size of job updated: 4094696
	2434  -  MemoryUsage of job (MB)
	2492352  -  ResidentSetSize of job (KB)
...
