000 (007.000.000) 02/27 13:07:15 Job submitted from host: <128.83.144.247:35703>
...
001 (007.000.000) 02/27 13:07:20 Job executing on host: <128.83.144.125:35910>
...
006 (007.000.000) 02/27 13:07:28 Image size of job updated: 8208
	2  -  MemoryUsage of job (MB)
	1308  -  ResidentSetSize of job (KB)
...
006 (007.000.000) 02/27 13:12:28 Image size of job updated: 1937200
	794  -  MemoryUsage of job (MB)
	812256  -  ResidentSetSize of job (KB)
...
006 (007.000.000) 02/27 13:17:29 Image size of job updated: 2222136
	1096  -  MemoryUsage of job (MB)
	1121288  -  ResidentSetSize of job (KB)
...
006 (007.000.000) 02/27 13:22:30 Image size of job updated: 2472048
	1408  -  MemoryUsage of job (MB)
	1440860  -  ResidentSetSize of job (KB)
...
006 (007.000.000) 02/27 13:27:30 Image size of job updated: 2793612
	1671  -  MemoryUsage of job (MB)
	1710688  -  ResidentSetSize of job (KB)
...
006 (007.000.000) 02/27 13:32:30 Image size of job updated: 2912448
	1714  -  MemoryUsage of job (MB)
	1754936  -  ResidentSetSize of job (KB)
...
006 (007.000.000) 02/27 13:37:31 Image size of job updated: 2984104
	1840  -  MemoryUsage of job (MB)
	1883620  -  ResidentSetSize of job (KB)
...
006 (007.000.000) 02/27 13:42:32 Image size of job updated: 3234016
	2151  -  MemoryUsage of job (MB)
	2202176  -  ResidentSetSize of job (KB)
...
006 (007.000.000) 02/27 13:47:32 Image size of job updated: 3555580
	2422  -  MemoryUsage of job (MB)
	2479872  -  ResidentSetSize of job (KB)
...
006 (007.000.000) 02/27 13:52:32 Image size of job updated: 3805492
	2713  -  MemoryUsage of job (MB)
	2777820  -  ResidentSetSize of job (KB)
...
006 (007.000.000) 02/27 13:57:33 Image size of job updated: 3936564
	2763  -  MemoryUsage of job (MB)
	2828408  -  ResidentSetSize of job (KB)
...
006 (007.000.000) 02/27 14:02:33 Image size of job updated: 4127056
	2961  -  MemoryUsage of job (MB)
	3031752  -  ResidentSetSize of job (KB)
...
006 (007.000.000) 02/27 14:07:33 Image size of job updated: 4376968
	3266  -  MemoryUsage of job (MB)
	3344180  -  ResidentSetSize of job (KB)
...
006 (007.000.000) 02/27 14:12:34 Image size of job updated: 4698532
	3530  -  MemoryUsage of job (MB)
	3613836  -  ResidentSetSize of job (KB)
...
006 (007.000.000) 02/27 14:17:35 Image size of job updated: 4948444
	3832  -  MemoryUsage of job (MB)
	3923544  -  ResidentSetSize of job (KB)
...
006 (007.000.000) 02/27 14:22:35 Image size of job updated: 5270008
	4079  -  MemoryUsage of job (MB)
	4176760  -  ResidentSetSize of job (KB)
...
006 (007.000.000) 02/27 14:27:35 Image size of job updated: 5460500
	4278  -  MemoryUsage of job (MB)
	4380376  -  ResidentSetSize of job (KB)
...
006 (007.000.000) 02/27 14:32:36 Image size of job updated: 5650992
	4453  -  MemoryUsage of job (MB)
	4558952  -  ResidentSetSize of job (KB)
...
006 (007.000.000) 02/27 14:37:37 Image size of job updated: 5710412
	4573  -  MemoryUsage of job (MB)
	4681816  -  ResidentSetSize of job (KB)
...
006 (007.000.000) 02/27 14:42:37 Image size of job updated: 5900904
	4773  -  MemoryUsage of job (MB)
	4887264  -  ResidentSetSize of job (KB)
...
006 (007.000.000) 02/27 14:47:37 Image size of job updated: 6091396
	4979  -  MemoryUsage of job (MB)
	5098252  -  ResidentSetSize of job (KB)
...
006 (007.000.000) 02/27 14:52:38 Image size of job updated: 6285988
	5127  -  MemoryUsage of job (MB)
	5249976  -  ResidentSetSize of job (KB)
...
006 (007.000.000) 02/27 14:57:38 Image size of job updated: 6417060
	5283  -  MemoryUsage of job (MB)
	5409376  -  ResidentSetSize of job (KB)
...
006 (007.000.000) 02/27 15:02:38 Image size of job updated: 6607552
	5397  -  MemoryUsage of job (MB)
	5526316  -  ResidentSetSize of job (KB)
...
006 (007.000.000) 02/27 15:07:39 Image size of job updated: 6798044
	5575  -  MemoryUsage of job (MB)
	5708056  -  ResidentSetSize of job (KB)
...
006 (007.000.000) 02/27 15:12:40 Image size of job updated: 6988536
	5771  -  MemoryUsage of job (MB)
	5908868  -  ResidentSetSize of job (KB)
...
006 (007.000.000) 02/27 15:17:40 Image size of job updated: 7179028
	5954  -  MemoryUsage of job (MB)
	6096724  -  ResidentSetSize of job (KB)
...
006 (007.000.000) 02/27 15:22:41 Image size of job updated: 7369520
	6137  -  MemoryUsage of job (MB)
	6283744  -  ResidentSetSize of job (KB)
...
006 (007.000.000) 02/27 15:27:42 Image size of job updated: 7428940
	6278  -  MemoryUsage of job (MB)
	6427768  -  ResidentSetSize of job (KB)
...
006 (007.000.000) 02/27 15:32:42 Image size of job updated: 7619432
	6425  -  MemoryUsage of job (MB)
	6578436  -  ResidentSetSize of job (KB)
...
006 (007.000.000) 02/27 15:37:42 Image size of job updated: 7750504
	6560  -  MemoryUsage of job (MB)
	6717212  -  ResidentSetSize of job (KB)
...
006 (007.000.000) 02/27 15:42:43 Image size of job updated: 7940996
	6705  -  MemoryUsage of job (MB)
	6865596  -  ResidentSetSize of job (KB)
...
006 (007.000.000) 02/27 15:47:44 Image size of job updated: 8131488
	6888  -  MemoryUsage of job (MB)
	7052504  -  ResidentSetSize of job (KB)
...
006 (007.000.000) 02/27 15:52:44 Image size of job updated: 8321980
	7072  -  MemoryUsage of job (MB)
	7241060  -  ResidentSetSize of job (KB)
...
006 (007.000.000) 02/27 15:57:45 Image size of job updated: 8512472
	7253  -  MemoryUsage of job (MB)
	7426604  -  ResidentSetSize of job (KB)
...
006 (007.000.000) 02/27 16:02:46 Image size of job updated: 8571892
	7392  -  MemoryUsage of job (MB)
	7568468  -  ResidentSetSize of job (KB)
...
006 (007.000.000) 02/27 16:07:46 Image size of job updated: 8702964
	7518  -  MemoryUsage of job (MB)
	7698080  -  ResidentSetSize of job (KB)
...
006 (007.000.000) 02/27 16:12:46 Image size of job updated: 8893456
	7664  -  MemoryUsage of job (MB)
	7847932  -  ResidentSetSize of job (KB)
...
006 (007.000.000) 02/27 16:17:47 Image size of job updated: 9083948
	7830  -  MemoryUsage of job (MB)
	8017504  -  ResidentSetSize of job (KB)
...
006 (007.000.000) 02/27 16:22:47 Image size of job updated: 9274440
	8010  -  MemoryUsage of job (MB)
	8201792  -  ResidentSetSize of job (KB)
...
006 (007.000.000) 02/27 16:27:47 Image size of job updated: 9464932
	8194  -  MemoryUsage of job (MB)
	8390112  -  ResidentSetSize of job (KB)
...
006 (007.000.000) 02/27 16:32:48 Image size of job updated: 9655424
	8377  -  MemoryUsage of job (MB)
	8577888  -  ResidentSetSize of job (KB)
...
006 (007.000.000) 02/27 16:37:49 Image size of job updated: 9845916
	8565  -  MemoryUsage of job (MB)
	8770144  -  ResidentSetSize of job (KB)
...
006 (007.000.000) 02/27 16:42:49 Image size of job updated: 10036408
	8756  -  MemoryUsage of job (MB)
	8965160  -  ResidentSetSize of job (KB)
...
006 (007.000.000) 02/27 16:47:49 Image size of job updated: 10226900
	8938  -  MemoryUsage of job (MB)
	9151664  -  ResidentSetSize of job (KB)
...
006 (007.000.000) 02/27 16:52:50 Image size of job updated: 10345736
	9086  -  MemoryUsage of job (MB)
	9304000  -  ResidentSetSize of job (KB)
...
006 (007.000.000) 02/27 16:57:50 Image size of job updated: 10476812
	9277  -  MemoryUsage of job (MB)
	9498912  -  ResidentSetSize of job (KB)
...
006 (007.000.000) 02/27 17:02:50 Image size of job updated: 10667304
	9443  -  MemoryUsage of job (MB)
	9668900  -  ResidentSetSize of job (KB)
...
006 (007.000.000) 02/27 17:07:51 Image size of job updated: 10798376
	9530  -  MemoryUsage of job (MB)
	9758668  -  ResidentSetSize of job (KB)
...
006 (007.000.000) 02/27 17:12:52 Image size of job updated: 10988868
	9686  -  MemoryUsage of job (MB)
	9918336  -  ResidentSetSize of job (KB)
...
006 (007.000.000) 02/27 17:17:52 Image size of job updated: 11179360
	9856  -  MemoryUsage of job (MB)
	10092076  -  ResidentSetSize of job (KB)
...
006 (007.000.000) 02/27 17:22:53 Image size of job updated: 11300308
	10101  -  MemoryUsage of job (MB)
	10342884  -  ResidentSetSize of job (KB)
...
006 (007.000.000) 02/27 17:32:54 Image size of job updated: 11490800
	10224  -  MemoryUsage of job (MB)
	10468400  -  ResidentSetSize of job (KB)
...
006 (007.000.000) 02/27 23:08:31 Image size of job updated: 11556336
	10224  -  MemoryUsage of job (MB)
	10468400  -  ResidentSetSize of job (KB)
...
